<?xml version="1.0" encoding="UTF-8"?>
<!-- Generated by org.testng.reporters.JUnitXMLReporter -->
<testsuite ignored="0" hostname="Laptop-Jaskirat" failures="0" tests="8" name="Test" time="0.347" errors="0" timestamp="2022-09-19T16:09:43 IST">
  <testcase classname="testng.threading.ClassOne" name="firstTest" time="0.037"/>
  <testcase classname="testng.threading.ClassTwo" name="firstTest" time="0.04"/>
  <testcase classname="testng.threading.ClassOne" name="secondTest" time="0.013"/>
  <testcase classname="testng.threading.ClassTwo" name="secondTest" time="0.021"/>
  <testcase classname="testng.threading.ClassOne" name="thirdTest" time="0.018"/>
  <testcase classname="testng.threading.ClassTwo" name="thirdTest" time="0.005"/>
  <testcase classname="testng.threading.ClassTwo" name="fourthTest" time="0.016"/>
  <testcase classname="testng.threading.ClassOne" name="fourthTest" time="0.037"/>
</testsuite> <!-- Test -->
